{"/home/monsuete/projetos/NodeJS/nova/api-cities/src/server/Server.ts": {"path":"/home/monsuete/projetos/NodeJS/nova/api-cities/src/server/Server.ts","all":false,"statementMap":{"0":{"start":{"line":1,"column":0},"end":{"line":1,"column":30}},"1":{"start":{"line":2,"column":0},"end":{"line":2,"column":23}},"2":{"start":{"line":3,"column":0},"end":{"line":3,"column":43}},"3":{"start":{"line":4,"column":0},"end":{"line":4,"column":34}},"4":{"start":{"line":5,"column":0},"end":{"line":5,"column":0}},"5":{"start":{"line":6,"column":0},"end":{"line":6,"column":25}},"6":{"start":{"line":7,"column":0},"end":{"line":7,"column":0}},"7":{"start":{"line":8,"column":0},"end":{"line":8,"column":27}},"8":{"start":{"line":9,"column":0},"end":{"line":9,"column":19}},"9":{"start":{"line":10,"column":0},"end":{"line":10,"column":0}},"10":{"start":{"line":11,"column":0},"end":{"line":11,"column":18}}},"s":{"0":1,"1":1,"2":1,"3":1,"4":1,"5":1,"6":1,"7":1,"8":1,"9":1,"10":1},"branchMap":{},"b":{},"fnMap":{},"f":{}}
,"/home/monsuete/projetos/NodeJS/nova/api-cities/src/server/controllers/index.ts": {"path":"/home/monsuete/projetos/NodeJS/nova/api-cities/src/server/controllers/index.ts","all":false,"statementMap":{"0":{"start":{"line":1,"column":0},"end":{"line":1,"column":25}}},"s":{"0":1},"branchMap":{},"b":{},"fnMap":{},"f":{}}
,"/home/monsuete/projetos/NodeJS/nova/api-cities/src/server/controllers/cities/Create.ts": {"path":"/home/monsuete/projetos/NodeJS/nova/api-cities/src/server/controllers/cities/Create.ts","all":false,"statementMap":{"0":{"start":{"line":1,"column":0},"end":{"line":1,"column":44}},"1":{"start":{"line":2,"column":0},"end":{"line":2,"column":28}},"2":{"start":{"line":3,"column":0},"end":{"line":3,"column":53}},"3":{"start":{"line":4,"column":0},"end":{"line":4,"column":57}},"4":{"start":{"line":5,"column":0},"end":{"line":5,"column":48}},"5":{"start":{"line":6,"column":0},"end":{"line":6,"column":0}},"6":{"start":{"line":7,"column":0},"end":{"line":7,"column":60}},"7":{"start":{"line":8,"column":0},"end":{"line":8,"column":47}},"8":{"start":{"line":9,"column":0},"end":{"line":9,"column":41}},"9":{"start":{"line":10,"column":0},"end":{"line":10,"column":6}},"10":{"start":{"line":11,"column":0},"end":{"line":11,"column":4}},"11":{"start":{"line":12,"column":0},"end":{"line":12,"column":0}},"12":{"start":{"line":13,"column":0},"end":{"line":13,"column":77}},"13":{"start":{"line":14,"column":0},"end":{"line":14,"column":49}},"14":{"start":{"line":15,"column":0},"end":{"line":15,"column":2}}},"s":{"0":1,"1":1,"2":1,"3":1,"4":1,"5":1,"6":1,"7":3,"8":3,"9":3,"10":1,"11":1,"12":1,"13":2,"14":2},"branchMap":{"0":{"type":"branch","line":7,"loc":{"start":{"line":7,"column":43},"end":{"line":11,"column":2}},"locations":[{"start":{"line":7,"column":43},"end":{"line":11,"column":2}}]},"1":{"type":"branch","line":13,"loc":{"start":{"line":13,"column":22},"end":{"line":15,"column":2}},"locations":[{"start":{"line":13,"column":22},"end":{"line":15,"column":2}}]},"2":{"type":"branch","line":13,"loc":{"start":{"line":13,"column":75},"end":{"line":15,"column":2}},"locations":[{"start":{"line":13,"column":75},"end":{"line":15,"column":2}}]}},"b":{"0":[3],"1":[2],"2":[2]},"fnMap":{"0":{"name":"create","decl":{"start":{"line":13,"column":22},"end":{"line":15,"column":2}},"loc":{"start":{"line":13,"column":22},"end":{"line":15,"column":2}},"line":13}},"f":{"0":2}}
,"/home/monsuete/projetos/NodeJS/nova/api-cities/src/server/controllers/cities/DeleteById.ts": {"path":"/home/monsuete/projetos/NodeJS/nova/api-cities/src/server/controllers/cities/DeleteById.ts","all":false,"statementMap":{"0":{"start":{"line":1,"column":0},"end":{"line":1,"column":44}},"1":{"start":{"line":2,"column":0},"end":{"line":2,"column":28}},"2":{"start":{"line":3,"column":0},"end":{"line":3,"column":53}},"3":{"start":{"line":4,"column":0},"end":{"line":4,"column":59}},"4":{"start":{"line":5,"column":0},"end":{"line":5,"column":48}},"5":{"start":{"line":6,"column":0},"end":{"line":6,"column":0}},"6":{"start":{"line":7,"column":0},"end":{"line":7,"column":64}},"7":{"start":{"line":8,"column":0},"end":{"line":8,"column":53}},"8":{"start":{"line":9,"column":0},"end":{"line":9,"column":44}},"9":{"start":{"line":10,"column":0},"end":{"line":10,"column":6}},"10":{"start":{"line":11,"column":0},"end":{"line":11,"column":4}},"11":{"start":{"line":12,"column":0},"end":{"line":12,"column":0}},"12":{"start":{"line":13,"column":0},"end":{"line":13,"column":79}},"13":{"start":{"line":14,"column":0},"end":{"line":14,"column":38}},"14":{"start":{"line":15,"column":0},"end":{"line":15,"column":63}},"15":{"start":{"line":16,"column":0},"end":{"line":16,"column":15}},"16":{"start":{"line":17,"column":0},"end":{"line":17,"column":41}},"17":{"start":{"line":18,"column":0},"end":{"line":18,"column":7}},"18":{"start":{"line":19,"column":0},"end":{"line":19,"column":7}},"19":{"start":{"line":20,"column":0},"end":{"line":20,"column":3}},"20":{"start":{"line":21,"column":0},"end":{"line":21,"column":0}},"21":{"start":{"line":22,"column":0},"end":{"line":22,"column":51}},"22":{"start":{"line":23,"column":0},"end":{"line":23,"column":2}}},"s":{"0":1,"1":1,"2":1,"3":1,"4":1,"5":1,"6":1,"7":3,"8":3,"9":3,"10":1,"11":1,"12":1,"13":2,"14":1,"15":1,"16":1,"17":1,"18":1,"19":1,"20":1,"21":1,"22":1},"branchMap":{"0":{"type":"branch","line":7,"loc":{"start":{"line":7,"column":47},"end":{"line":11,"column":2}},"locations":[{"start":{"line":7,"column":47},"end":{"line":11,"column":2}}]},"1":{"type":"branch","line":13,"loc":{"start":{"line":13,"column":26},"end":{"line":23,"column":2}},"locations":[{"start":{"line":13,"column":26},"end":{"line":23,"column":2}}]},"2":{"type":"branch","line":13,"loc":{"start":{"line":13,"column":77},"end":{"line":23,"column":2}},"locations":[{"start":{"line":13,"column":77},"end":{"line":23,"column":2}}]},"3":{"type":"branch","line":14,"loc":{"start":{"line":14,"column":37},"end":{"line":23,"column":2}},"locations":[{"start":{"line":14,"column":37},"end":{"line":23,"column":2}}]}},"b":{"0":[3],"1":[2],"2":[2],"3":[1]},"fnMap":{"0":{"name":"deleteById","decl":{"start":{"line":13,"column":26},"end":{"line":23,"column":2}},"loc":{"start":{"line":13,"column":26},"end":{"line":23,"column":2}},"line":13}},"f":{"0":2}}
,"/home/monsuete/projetos/NodeJS/nova/api-cities/src/server/controllers/cities/GetAll.ts": {"path":"/home/monsuete/projetos/NodeJS/nova/api-cities/src/server/controllers/cities/GetAll.ts","all":false,"statementMap":{"0":{"start":{"line":1,"column":0},"end":{"line":1,"column":44}},"1":{"start":{"line":2,"column":0},"end":{"line":2,"column":28}},"2":{"start":{"line":3,"column":0},"end":{"line":3,"column":53}},"3":{"start":{"line":4,"column":0},"end":{"line":4,"column":67}},"4":{"start":{"line":5,"column":0},"end":{"line":5,"column":48}},"5":{"start":{"line":6,"column":0},"end":{"line":6,"column":0}},"6":{"start":{"line":7,"column":0},"end":{"line":7,"column":16}},"7":{"start":{"line":8,"column":0},"end":{"line":8,"column":21}},"8":{"start":{"line":9,"column":0},"end":{"line":9,"column":23}},"9":{"start":{"line":10,"column":0},"end":{"line":10,"column":19}},"10":{"start":{"line":11,"column":0},"end":{"line":11,"column":24}},"11":{"start":{"line":12,"column":0},"end":{"line":12,"column":2}},"12":{"start":{"line":13,"column":0},"end":{"line":13,"column":0}},"13":{"start":{"line":14,"column":0},"end":{"line":14,"column":60}},"14":{"start":{"line":15,"column":0},"end":{"line":15,"column":52}},"15":{"start":{"line":16,"column":0},"end":{"line":16,"column":36}},"16":{"start":{"line":17,"column":0},"end":{"line":17,"column":47}},"17":{"start":{"line":18,"column":0},"end":{"line":18,"column":46}},"18":{"start":{"line":19,"column":0},"end":{"line":19,"column":6}},"19":{"start":{"line":20,"column":0},"end":{"line":20,"column":4}},"20":{"start":{"line":21,"column":0},"end":{"line":21,"column":0}},"21":{"start":{"line":22,"column":0},"end":{"line":22,"column":84}},"22":{"start":{"line":23,"column":0},"end":{"line":23,"column":24}},"23":{"start":{"line":24,"column":0},"end":{"line":24,"column":28}},"24":{"start":{"line":25,"column":0},"end":{"line":25,"column":3}},"25":{"start":{"line":26,"column":0},"end":{"line":26,"column":79}},"26":{"start":{"line":27,"column":0},"end":{"line":27,"column":2}}},"s":{"0":1,"1":1,"2":1,"3":1,"4":1,"5":1,"6":1,"7":1,"8":1,"9":1,"10":1,"11":1,"12":1,"13":1,"14":0,"15":0,"16":0,"17":0,"18":0,"19":1,"20":1,"21":1,"22":0,"23":0,"24":0,"25":0,"26":0},"branchMap":{},"b":{},"fnMap":{"0":{"name":"getAll","decl":{"start":{"line":22,"column":22},"end":{"line":27,"column":2}},"loc":{"start":{"line":22,"column":22},"end":{"line":27,"column":2}},"line":22}},"f":{"0":0}}
,"/home/monsuete/projetos/NodeJS/nova/api-cities/src/server/controllers/cities/GetById.ts": {"path":"/home/monsuete/projetos/NodeJS/nova/api-cities/src/server/controllers/cities/GetById.ts","all":false,"statementMap":{"0":{"start":{"line":1,"column":0},"end":{"line":1,"column":44}},"1":{"start":{"line":2,"column":0},"end":{"line":2,"column":28}},"2":{"start":{"line":3,"column":0},"end":{"line":3,"column":53}},"3":{"start":{"line":4,"column":0},"end":{"line":4,"column":59}},"4":{"start":{"line":5,"column":0},"end":{"line":5,"column":48}},"5":{"start":{"line":6,"column":0},"end":{"line":6,"column":0}},"6":{"start":{"line":7,"column":0},"end":{"line":7,"column":61}},"7":{"start":{"line":8,"column":0},"end":{"line":8,"column":53}},"8":{"start":{"line":9,"column":0},"end":{"line":9,"column":44}},"9":{"start":{"line":10,"column":0},"end":{"line":10,"column":6}},"10":{"start":{"line":11,"column":0},"end":{"line":11,"column":4}},"11":{"start":{"line":12,"column":0},"end":{"line":12,"column":0}},"12":{"start":{"line":13,"column":0},"end":{"line":13,"column":76}},"13":{"start":{"line":14,"column":0},"end":{"line":14,"column":80}},"14":{"start":{"line":15,"column":0},"end":{"line":15,"column":2}}},"s":{"0":1,"1":1,"2":1,"3":1,"4":1,"5":1,"6":1,"7":0,"8":0,"9":0,"10":1,"11":1,"12":1,"13":0,"14":0},"branchMap":{},"b":{},"fnMap":{"0":{"name":"getById","decl":{"start":{"line":13,"column":23},"end":{"line":15,"column":2}},"loc":{"start":{"line":13,"column":23},"end":{"line":15,"column":2}},"line":13}},"f":{"0":0}}
,"/home/monsuete/projetos/NodeJS/nova/api-cities/src/server/controllers/cities/UpdateById.ts": {"path":"/home/monsuete/projetos/NodeJS/nova/api-cities/src/server/controllers/cities/UpdateById.ts","all":false,"statementMap":{"0":{"start":{"line":1,"column":0},"end":{"line":1,"column":44}},"1":{"start":{"line":2,"column":0},"end":{"line":2,"column":28}},"2":{"start":{"line":3,"column":0},"end":{"line":3,"column":53}},"3":{"start":{"line":4,"column":0},"end":{"line":4,"column":59}},"4":{"start":{"line":5,"column":0},"end":{"line":5,"column":48}},"5":{"start":{"line":6,"column":0},"end":{"line":6,"column":57}},"6":{"start":{"line":7,"column":0},"end":{"line":7,"column":0}},"7":{"start":{"line":8,"column":0},"end":{"line":8,"column":64}},"8":{"start":{"line":9,"column":0},"end":{"line":9,"column":53}},"9":{"start":{"line":10,"column":0},"end":{"line":10,"column":44}},"10":{"start":{"line":11,"column":0},"end":{"line":11,"column":6}},"11":{"start":{"line":12,"column":0},"end":{"line":12,"column":47}},"12":{"start":{"line":13,"column":0},"end":{"line":13,"column":41}},"13":{"start":{"line":14,"column":0},"end":{"line":14,"column":6}},"14":{"start":{"line":15,"column":0},"end":{"line":15,"column":4}},"15":{"start":{"line":16,"column":0},"end":{"line":16,"column":0}},"16":{"start":{"line":17,"column":0},"end":{"line":17,"column":92}},"17":{"start":{"line":18,"column":0},"end":{"line":18,"column":39}},"18":{"start":{"line":19,"column":0},"end":{"line":19,"column":57}},"19":{"start":{"line":20,"column":0},"end":{"line":20,"column":52}},"20":{"start":{"line":21,"column":0},"end":{"line":21,"column":3}},"21":{"start":{"line":22,"column":0},"end":{"line":22,"column":61}},"22":{"start":{"line":23,"column":0},"end":{"line":23,"column":13}},"23":{"start":{"line":24,"column":0},"end":{"line":24,"column":40}},"24":{"start":{"line":25,"column":0},"end":{"line":25,"column":5}},"25":{"start":{"line":26,"column":0},"end":{"line":26,"column":5}},"26":{"start":{"line":27,"column":0},"end":{"line":27,"column":2}}},"s":{"0":1,"1":1,"2":1,"3":1,"4":1,"5":1,"6":1,"7":1,"8":4,"9":4,"10":4,"11":4,"12":4,"13":4,"14":1,"15":1,"16":1,"17":2,"18":2,"19":1,"20":1,"21":1,"22":1,"23":1,"24":1,"25":1,"26":1},"branchMap":{"0":{"type":"branch","line":8,"loc":{"start":{"line":8,"column":47},"end":{"line":15,"column":2}},"locations":[{"start":{"line":8,"column":47},"end":{"line":15,"column":2}}]},"1":{"type":"branch","line":17,"loc":{"start":{"line":17,"column":26},"end":{"line":27,"column":2}},"locations":[{"start":{"line":17,"column":26},"end":{"line":27,"column":2}}]},"2":{"type":"branch","line":17,"loc":{"start":{"line":17,"column":90},"end":{"line":27,"column":2}},"locations":[{"start":{"line":17,"column":90},"end":{"line":27,"column":2}}]},"3":{"type":"branch","line":19,"loc":{"start":{"line":19,"column":56},"end":{"line":27,"column":2}},"locations":[{"start":{"line":19,"column":56},"end":{"line":27,"column":2}}]}},"b":{"0":[4],"1":[2],"2":[2],"3":[1]},"fnMap":{"0":{"name":"updateById","decl":{"start":{"line":17,"column":26},"end":{"line":27,"column":2}},"loc":{"start":{"line":17,"column":26},"end":{"line":27,"column":2}},"line":17}},"f":{"0":2}}
,"/home/monsuete/projetos/NodeJS/nova/api-cities/src/server/controllers/cities/index.ts": {"path":"/home/monsuete/projetos/NodeJS/nova/api-cities/src/server/controllers/cities/index.ts","all":false,"statementMap":{"0":{"start":{"line":1,"column":0},"end":{"line":1,"column":35}},"1":{"start":{"line":2,"column":0},"end":{"line":2,"column":35}},"2":{"start":{"line":3,"column":0},"end":{"line":3,"column":37}},"3":{"start":{"line":4,"column":0},"end":{"line":4,"column":43}},"4":{"start":{"line":5,"column":0},"end":{"line":5,"column":43}},"5":{"start":{"line":6,"column":0},"end":{"line":6,"column":0}},"6":{"start":{"line":7,"column":0},"end":{"line":7,"column":0}},"7":{"start":{"line":8,"column":0},"end":{"line":8,"column":33}},"8":{"start":{"line":9,"column":0},"end":{"line":9,"column":12}},"9":{"start":{"line":10,"column":0},"end":{"line":10,"column":12}},"10":{"start":{"line":11,"column":0},"end":{"line":11,"column":13}},"11":{"start":{"line":12,"column":0},"end":{"line":12,"column":16}},"12":{"start":{"line":13,"column":0},"end":{"line":13,"column":16}},"13":{"start":{"line":14,"column":0},"end":{"line":14,"column":2}}},"s":{"0":1,"1":1,"2":1,"3":1,"4":1,"5":1,"6":1,"7":1,"8":1,"9":1,"10":1,"11":1,"12":1,"13":1},"branchMap":{},"b":{},"fnMap":{},"f":{}}
,"/home/monsuete/projetos/NodeJS/nova/api-cities/src/server/routes/index.ts": {"path":"/home/monsuete/projetos/NodeJS/nova/api-cities/src/server/routes/index.ts","all":false,"statementMap":{"0":{"start":{"line":1,"column":0},"end":{"line":1,"column":33}},"1":{"start":{"line":2,"column":0},"end":{"line":2,"column":0}},"2":{"start":{"line":3,"column":0},"end":{"line":3,"column":52}},"3":{"start":{"line":4,"column":0},"end":{"line":4,"column":24}},"4":{"start":{"line":5,"column":0},"end":{"line":5,"column":0}},"5":{"start":{"line":6,"column":0},"end":{"line":6,"column":31}},"6":{"start":{"line":7,"column":0},"end":{"line":7,"column":2}},"7":{"start":{"line":8,"column":0},"end":{"line":8,"column":33}},"8":{"start":{"line":9,"column":0},"end":{"line":9,"column":3}},"9":{"start":{"line":10,"column":0},"end":{"line":10,"column":0}},"10":{"start":{"line":11,"column":0},"end":{"line":11,"column":83}},"11":{"start":{"line":12,"column":0},"end":{"line":12,"column":89}},"12":{"start":{"line":13,"column":0},"end":{"line":13,"column":84}},"13":{"start":{"line":14,"column":0},"end":{"line":14,"column":98}},"14":{"start":{"line":15,"column":0},"end":{"line":15,"column":95}},"15":{"start":{"line":16,"column":0},"end":{"line":16,"column":0}},"16":{"start":{"line":17,"column":0},"end":{"line":17,"column":18}}},"s":{"0":1,"1":1,"2":1,"3":1,"4":1,"5":1,"6":0,"7":0,"8":1,"9":1,"10":1,"11":1,"12":1,"13":1,"14":1,"15":1,"16":1},"branchMap":{},"b":{},"fnMap":{},"f":{}}
,"/home/monsuete/projetos/NodeJS/nova/api-cities/src/server/shared/middleware/Validation.ts": {"path":"/home/monsuete/projetos/NodeJS/nova/api-cities/src/server/shared/middleware/Validation.ts","all":false,"statementMap":{"0":{"start":{"line":1,"column":0},"end":{"line":1,"column":41}},"1":{"start":{"line":2,"column":0},"end":{"line":2,"column":70}},"2":{"start":{"line":3,"column":0},"end":{"line":3,"column":48}},"3":{"start":{"line":4,"column":0},"end":{"line":4,"column":0}},"4":{"start":{"line":5,"column":0},"end":{"line":5,"column":56}},"5":{"start":{"line":6,"column":0},"end":{"line":6,"column":0}},"6":{"start":{"line":7,"column":0},"end":{"line":7,"column":91}},"7":{"start":{"line":8,"column":0},"end":{"line":8,"column":0}},"8":{"start":{"line":9,"column":0},"end":{"line":9,"column":57}},"9":{"start":{"line":10,"column":0},"end":{"line":10,"column":0}},"10":{"start":{"line":11,"column":0},"end":{"line":11,"column":71}},"11":{"start":{"line":12,"column":0},"end":{"line":12,"column":0}},"12":{"start":{"line":13,"column":0},"end":{"line":13,"column":69}},"13":{"start":{"line":14,"column":0},"end":{"line":14,"column":0}},"14":{"start":{"line":15,"column":0},"end":{"line":15,"column":79}},"15":{"start":{"line":16,"column":0},"end":{"line":16,"column":0}},"16":{"start":{"line":17,"column":0},"end":{"line":17,"column":52}},"17":{"start":{"line":18,"column":0},"end":{"line":18,"column":66}},"18":{"start":{"line":19,"column":0},"end":{"line":19,"column":0}},"19":{"start":{"line":20,"column":0},"end":{"line":20,"column":54}},"20":{"start":{"line":21,"column":0},"end":{"line":21,"column":9}},"21":{"start":{"line":22,"column":0},"end":{"line":22,"column":72}},"22":{"start":{"line":23,"column":0},"end":{"line":23,"column":19}},"23":{"start":{"line":24,"column":0},"end":{"line":24,"column":46}},"24":{"start":{"line":25,"column":0},"end":{"line":25,"column":48}},"25":{"start":{"line":26,"column":0},"end":{"line":26,"column":6}},"26":{"start":{"line":27,"column":0},"end":{"line":27,"column":39}},"27":{"start":{"line":28,"column":0},"end":{"line":28,"column":32}},"28":{"start":{"line":29,"column":0},"end":{"line":29,"column":43}},"29":{"start":{"line":30,"column":0},"end":{"line":30,"column":9}},"30":{"start":{"line":31,"column":0},"end":{"line":31,"column":33}},"31":{"start":{"line":32,"column":0},"end":{"line":32,"column":5}},"32":{"start":{"line":33,"column":0},"end":{"line":33,"column":5}},"33":{"start":{"line":34,"column":0},"end":{"line":34,"column":0}},"34":{"start":{"line":35,"column":0},"end":{"line":35,"column":46}},"35":{"start":{"line":36,"column":0},"end":{"line":36,"column":70}},"36":{"start":{"line":37,"column":0},"end":{"line":37,"column":3}},"37":{"start":{"line":38,"column":0},"end":{"line":38,"column":16}},"38":{"start":{"line":39,"column":0},"end":{"line":39,"column":2}}},"s":{"0":1,"1":1,"2":1,"3":1,"4":1,"5":1,"6":1,"7":1,"8":1,"9":1,"10":1,"11":1,"12":1,"13":1,"14":1,"15":10,"16":10,"17":10,"18":10,"19":10,"20":14,"21":14,"22":14,"23":4,"24":4,"25":4,"26":4,"27":4,"28":4,"29":4,"30":4,"31":4,"32":10,"33":10,"34":10,"35":4,"36":4,"37":6,"38":6},"branchMap":{"0":{"type":"branch","line":15,"loc":{"start":{"line":15,"column":39},"end":{"line":39,"column":2}},"locations":[{"start":{"line":15,"column":39},"end":{"line":39,"column":2}}]},"1":{"type":"branch","line":15,"loc":{"start":{"line":15,"column":58},"end":{"line":39,"column":2}},"locations":[{"start":{"line":15,"column":58},"end":{"line":39,"column":2}}]},"2":{"type":"branch","line":35,"loc":{"start":{"line":35,"column":45},"end":{"line":39,"column":2}},"locations":[{"start":{"line":35,"column":45},"end":{"line":39,"column":2}}]},"3":{"type":"branch","line":35,"loc":{"start":{"line":35,"column":45},"end":{"line":37,"column":3}},"locations":[{"start":{"line":35,"column":45},"end":{"line":37,"column":3}}]},"4":{"type":"branch","line":38,"loc":{"start":{"line":38,"column":-1},"end":{"line":39,"column":2}},"locations":[{"start":{"line":38,"column":-1},"end":{"line":39,"column":2}}]},"5":{"type":"branch","line":17,"loc":{"start":{"line":17,"column":32},"end":{"line":17,"column":50}},"locations":[{"start":{"line":17,"column":32},"end":{"line":17,"column":50}}]},"6":{"type":"branch","line":20,"loc":{"start":{"line":20,"column":34},"end":{"line":33,"column":3}},"locations":[{"start":{"line":20,"column":34},"end":{"line":33,"column":3}}]},"7":{"type":"branch","line":23,"loc":{"start":{"line":23,"column":6},"end":{"line":32,"column":5}},"locations":[{"start":{"line":23,"column":6},"end":{"line":32,"column":5}}]},"8":{"type":"branch","line":27,"loc":{"start":{"line":27,"column":29},"end":{"line":30,"column":7}},"locations":[{"start":{"line":27,"column":29},"end":{"line":30,"column":7}}]},"9":{"type":"branch","line":28,"loc":{"start":{"line":28,"column":25},"end":{"line":28,"column":32}},"locations":[{"start":{"line":28,"column":25},"end":{"line":28,"column":32}}]}},"b":{"0":[15],"1":[10],"2":[7],"3":[4],"4":[6],"5":[14],"6":[14],"7":[4],"8":[4],"9":[0]},"fnMap":{"0":{"name":"validation","decl":{"start":{"line":15,"column":39},"end":{"line":39,"column":2}},"loc":{"start":{"line":15,"column":39},"end":{"line":39,"column":2}},"line":15}},"f":{"0":15}}
,"/home/monsuete/projetos/NodeJS/nova/api-cities/src/server/shared/middleware/index.ts": {"path":"/home/monsuete/projetos/NodeJS/nova/api-cities/src/server/shared/middleware/index.ts","all":false,"statementMap":{"0":{"start":{"line":1,"column":0},"end":{"line":1,"column":29}}},"s":{"0":1},"branchMap":{},"b":{},"fnMap":{},"f":{}}
,"/home/monsuete/projetos/NodeJS/nova/api-cities/src/server/shared/services/YupTranslations.ts": {"path":"/home/monsuete/projetos/NodeJS/nova/api-cities/src/server/shared/services/YupTranslations.ts","all":false,"statementMap":{"0":{"start":{"line":1,"column":0},"end":{"line":1,"column":32}},"1":{"start":{"line":2,"column":0},"end":{"line":2,"column":0}},"2":{"start":{"line":3,"column":0},"end":{"line":3,"column":11}},"3":{"start":{"line":4,"column":0},"end":{"line":4,"column":10}},"4":{"start":{"line":5,"column":0},"end":{"line":5,"column":41}},"5":{"start":{"line":6,"column":0},"end":{"line":6,"column":43}},"6":{"start":{"line":7,"column":0},"end":{"line":7,"column":56}},"7":{"start":{"line":8,"column":0},"end":{"line":8,"column":58}},"8":{"start":{"line":9,"column":0},"end":{"line":9,"column":65}},"9":{"start":{"line":10,"column":0},"end":{"line":10,"column":4}},"10":{"start":{"line":11,"column":0},"end":{"line":11,"column":11}},"11":{"start":{"line":12,"column":0},"end":{"line":12,"column":41}},"12":{"start":{"line":13,"column":0},"end":{"line":13,"column":41}},"13":{"start":{"line":14,"column":0},"end":{"line":14,"column":45}},"14":{"start":{"line":15,"column":0},"end":{"line":15,"column":48}},"15":{"start":{"line":16,"column":0},"end":{"line":16,"column":49}},"16":{"start":{"line":17,"column":0},"end":{"line":17,"column":53}},"17":{"start":{"line":18,"column":0},"end":{"line":18,"column":55}},"18":{"start":{"line":19,"column":0},"end":{"line":19,"column":56}},"19":{"start":{"line":20,"column":0},"end":{"line":20,"column":57}},"20":{"start":{"line":21,"column":0},"end":{"line":21,"column":61}},"21":{"start":{"line":22,"column":0},"end":{"line":22,"column":4}},"22":{"start":{"line":23,"column":0},"end":{"line":23,"column":11}},"23":{"start":{"line":24,"column":0},"end":{"line":24,"column":37}},"24":{"start":{"line":25,"column":0},"end":{"line":25,"column":37}},"25":{"start":{"line":26,"column":0},"end":{"line":26,"column":42}},"26":{"start":{"line":27,"column":0},"end":{"line":27,"column":43}},"27":{"start":{"line":28,"column":0},"end":{"line":28,"column":43}},"28":{"start":{"line":29,"column":0},"end":{"line":29,"column":44}},"29":{"start":{"line":30,"column":0},"end":{"line":30,"column":44}},"30":{"start":{"line":31,"column":0},"end":{"line":31,"column":4}},"31":{"start":{"line":32,"column":0},"end":{"line":32,"column":9}},"32":{"start":{"line":33,"column":0},"end":{"line":33,"column":44}},"33":{"start":{"line":34,"column":0},"end":{"line":34,"column":44}},"34":{"start":{"line":35,"column":0},"end":{"line":35,"column":4}},"35":{"start":{"line":36,"column":0},"end":{"line":36,"column":10}},"36":{"start":{"line":37,"column":0},"end":{"line":37,"column":43}},"37":{"start":{"line":38,"column":0},"end":{"line":38,"column":43}},"38":{"start":{"line":39,"column":0},"end":{"line":39,"column":53}},"39":{"start":{"line":40,"column":0},"end":{"line":40,"column":4}},"40":{"start":{"line":41,"column":0},"end":{"line":41,"column":11}},"41":{"start":{"line":42,"column":0},"end":{"line":42,"column":52}},"42":{"start":{"line":43,"column":0},"end":{"line":43,"column":3}},"43":{"start":{"line":44,"column":0},"end":{"line":44,"column":3}}},"s":{"0":1,"1":1,"2":1,"3":1,"4":1,"5":1,"6":1,"7":1,"8":1,"9":1,"10":1,"11":1,"12":1,"13":1,"14":1,"15":1,"16":1,"17":1,"18":1,"19":1,"20":1,"21":1,"22":1,"23":1,"24":1,"25":1,"26":1,"27":1,"28":1,"29":1,"30":1,"31":1,"32":1,"33":1,"34":1,"35":1,"36":1,"37":1,"38":1,"39":1,"40":1,"41":1,"42":1,"43":1},"branchMap":{},"b":{},"fnMap":{},"f":{}}
}
